android-masjed-app/app/proguard-rules.pro
# Keep the WebView client classes
-keep class com.masjed.app.** { *; }
-dontwarn android.webkit.**