android-masjed-app/app/build/outputs/mapping/release/seeds.txt
com.masjed.app.R$color
com.masjed.app.ui.basij.BasijScanFragment$barcodeCallback$1
com.masjed.app.ui.basij.BasijScanFragment$WhenMappings
com.masjed.app.ui.services.ServiceCard
com.masjed.app.ui.basij.BasijScanFragment$decodeFromImage$1$4
com.masjed.app.R$layout
com.masjed.app.data.DashboardData
com.masjed.app.data.DashboardUiState$Loading
com.masjed.app.databinding.FragmentServerWakeBinding
com.masjed.app.storage.AppStorage
com.masjed.app.MainActivity$onCreate$4
com.masjed.app.MainActivity$special$$inlined$viewModels$default$3
com.masjed.app.ui.web.WebPageFragment$forceLogout$2
com.masjed.app.databinding.ViewServiceItemBinding
com.masjed.app.ui.web.WebPageFragment$special$$inlined$activityViewModels$default$3
com.masjed.app.ui.basij.BasijScanFragment
com.masjed.app.databinding.ItemQuickActionBinding
com.masjed.app.data.DailyPrayer
com.masjed.app.databinding.ItemPrayerTimeBinding
com.masjed.app.data.UpdateRepository
com.masjed.app.R$mipmap
com.masjed.app.ui.basij.BasijScanFragment$decodeFromImage$1
com.masjed.app.ui.web.WebPageFragment$onViewCreated$1
com.masjed.app.ui.home.HomeUiState
com.masjed.app.R$drawable
com.masjed.app.ui.web.WebPageFragment$AuthMode
com.masjed.app.R$id
com.masjed.app.ui.services.ServicesFragment
com.masjed.app.databinding.ActivityMainBinding
com.masjed.app.ui.basij.BasijScanFragment$decodeFromImage$1$1
com.masjed.app.storage.DeskOrigin
com.masjed.app.ui.home.HomeFragment$special$$inlined$viewModels$default$1
com.masjed.app.databinding.FragmentBasijScanBinding
com.masjed.app.ui.web.WebPageFragment$WhenMappings
com.masjed.app.util.NetworkUtils
com.masjed.app.MainActivity$special$$inlined$viewModels$default$2
com.masjed.app.ui.basij.BasijScanFragment$TokenSource
com.masjed.app.data.AnnouncementsRepository$fetchAnnouncements$2
com.masjed.app.ui.home.HomeFragment$collectUiState$1
com.masjed.app.databinding.FragmentHomeBinding
com.masjed.app.ui.web.WebPageFragment$special$$inlined$activityViewModels$default$2
com.masjed.app.storage.DeskShortcut
com.masjed.app.R
com.masjed.app.data.DashboardRepository$fetchDashboard$2
com.masjed.app.R$navigation
com.masjed.app.databinding.FragmentServicesBinding
com.masjed.app.ui.server.ServerWakeFragment
com.masjed.app.ui.home.HomeFragment
com.masjed.app.R$menu
com.masjed.app.ui.web.WebPageFragment
com.masjed.app.ui.basij.BasijScanFragment$special$$inlined$activityViewModels$default$1
com.masjed.app.ui.home.HomeFragment$special$$inlined$viewModels$default$2
com.masjed.app.ui.home.HomeViewModel$checkForUpdates$1
com.masjed.app.R$bool
com.masjed.app.ui.web.WebPageFragment$pageTitle$2
com.masjed.app.ui.home.UpdateState$Required
com.masjed.app.ui.web.WebPageFragment$baseCookieUrl$2
com.masjed.app.MasjedApp
com.masjed.app.data.DashboardUiState$Error
com.masjed.app.data.DashboardUiState
com.masjed.app.ui.home.UpdateState
com.masjed.app.ui.web.WebPageFragment$baseWebUrl$2
com.masjed.app.IntentHelper
com.masjed.app.data.AppVersionInfo
com.masjed.app.data.DashboardRepository$wakeServer$2
com.masjed.app.ui.basij.BasijScanFragment$handleToken$1
com.masjed.app.databinding.ViewAnnouncementBinding
com.masjed.app.data.DashboardUiState$Success
com.masjed.app.ui.basij.BasijScanFragment$decodeFromImage$1$2
com.masjed.app.R$xml
com.masjed.app.ui.basij.BasijScanFragment$QrLoginResponse
com.masjed.app.ui.basij.BasijScanFragment$special$$inlined$activityViewModels$default$2
com.masjed.app.data.QuickAction
com.masjed.app.ui.services.ServiceType
com.masjed.app.ui.web.WebPageFragment$onDestroyView$1$1
com.masjed.app.MainActivity$special$$inlined$viewModels$default$1
com.masjed.app.data.Hadith
com.masjed.app.R$string
com.masjed.app.ui.home.HomeFragment$PrayerCard
com.masjed.app.data.DashboardRepository
com.masjed.app.data.DashboardRepository$Companion
com.masjed.app.data.DailyEventSet
com.masjed.app.storage.SecureStorage
com.masjed.app.ui.basij.BasijScanFragment$decodeFromImage$1$5
com.masjed.app.R$style
com.masjed.app.MainActivity
com.masjed.app.R$dimen
...
com.google.crypto.tink.proto.XChaCha20Poly1305KeyFormat: int VERSION_FIELD_NUMBER
com.google.crypto.tink.proto.Keyset$Key: int keyId_
com.google.crypto.tink.shaded.protobuf.GeneratedMessageLite: java.util.Map defaultInstanceMap
com.google.crypto.tink.proto.AesCmacKeyFormat: int PARAMS_FIELD_NUMBER
com.google.crypto.tink.proto.AesGcmKeyFormat: int KEY_SIZE_FIELD_NUMBER
com.google.crypto.tink.proto.KeyTypeEntry: java.lang.String catalogueName_
com.google.crypto.tink.proto.XChaCha20Poly1305Key: int version_
com.google.android.material.datepicker.DateValidatorPointForward: android.os.Parcelable$Creator CREATOR
androidx.fragment.app.Fragment: java.lang.String mPreviousWho
com.google.crypto.tink.proto.Keyset: int PRIMARY_KEY_ID_FIELD_NUMBER
androidx.activity.ComponentActivity: java.util.concurrent.CopyOnWriteArrayList onTrimMemoryListeners
kotlinx.coroutines.scheduling.WorkQueue: int producerIndex
com.google.crypto.tink.proto.KmsAeadKeyFormat: com.google.crypto.tink.shaded.protobuf.Parser PARSER
com.google.crypto.tink.proto.KeyData: int VALUE_FIELD_NUMBER
com.google.crypto.tink.proto.AesEaxKey: com.google.crypto.tink.proto.AesEaxKey DEFAULT_INSTANCE
androidx.fragment.app.Fragment: android.os.Bundle mArguments
com.google.crypto.tink.proto.KeysetInfo: int KEY_INFO_FIELD_NUMBER
androidx.fragment.app.Fragment: boolean mUserVisibleHint
com.google.crypto.tink.proto.KmsEnvelopeAeadKeyFormat: int DEK_TEMPLATE_FIELD_NUMBER
com.google.crypto.tink.proto.ChaCha20Poly1305Key: com.google.crypto.tink.shaded.protobuf.Parser PARSER
com.google.crypto.tink.proto.KmsEnvelopeAeadKeyFormat: java.lang.String kekUri_
com.google.crypto.tink.proto.HmacKeyFormat: int VERSION_FIELD_NUMBER
kotlinx.coroutines.scheduling.WorkQueue: int blockingTasksInBuffer
com.google.crypto.tink.shaded.protobuf.GeneratedMessageLite: int MEMOIZED_SERIALIZED_SIZE_MASK
androidx.activity.ComponentActivity: androidx.savedstate.SavedStateRegistryController savedStateRegistryController
androidx.fragment.app.Fragment: int VIEW_CREATED
com.google.android.material.datepicker.Month: android.os.Parcelable$Creator CREATOR
com.google.crypto.tink.proto.AesCmacKey: int version_
androidx.fragment.app.Fragment: int STARTED
androidx.fragment.app.Fragment: int mBackStackNesting
androidx.activity.ComponentActivity: java.util.concurrent.CopyOnWriteArrayList onPictureInPictureModeChangedListeners
com.google.crypto.tink.proto.AesSivKey: int KEY_VALUE_FIELD_NUMBER
com.google.crypto.tink.proto.HmacParams: int HASH_FIELD_NUMBER
com.google.crypto.tink.proto.HmacParams: int TAG_SIZE_FIELD_NUMBER
com.google.crypto.tink.proto.AesEaxKeyFormat: int KEY_SIZE_FIELD_NUMBER
androidx.fragment.app.Fragment: boolean mRetainInstance
androidx.fragment.app.FragmentActivity: boolean mCreated
com.google.crypto.tink.proto.AesCtrParams: int IV_SIZE_FIELD_NUMBER
com.google.crypto.tink.proto.AesCtrHmacAeadKeyFormat: com.google.crypto.tink.proto.HmacKeyFormat hmacKeyFormat_
com.google.crypto.tink.proto.KeyTypeEntry: boolean newKeyAllowed_
com.google.crypto.tink.proto.KeysetInfo$KeyInfo: int status_
androidx.activity.OnBackPressedCallback: boolean isEnabled
com.google.crypto.tink.proto.AesCtrHmacAeadKey: int version_
com.google.crypto.tink.proto.KeyData: int TYPE_URL_FIELD_NUMBER
androidx.transition.ChangeBounds$7: androidx.transition.ChangeBounds$ViewBounds mViewBounds
com.google.crypto.tink.proto.AesCmacKey: com.google.crypto.tink.proto.AesCmacKey DEFAULT_INSTANCE
androidx.activity.ComponentActivity: androidx.activity.contextaware.ContextAwareHelper contextAwareHelper
com.google.android.material.navigation.NavigationBarPresenter$SavedState: android.os.Parcelable$Creator CREATOR
com.google.crypto.tink.proto.KeysetInfo$KeyInfo: int TYPE_URL_FIELD_NUMBER
com.google.crypto.tink.proto.HmacKeyFormat: com.google.crypto.tink.proto.HmacKeyFormat DEFAULT_INSTANCE
com.google.crypto.tink.proto.KeysetInfo$KeyInfo: int outputPrefixType_
androidx.fragment.app.Fragment: boolean mDetached