android-masjed-app/app/build/outputs/mapping/release/usage.txt
com.masjed.app.MainActivity$$InternalSyntheticLambda$1$e1858d24cd47e784ad9d58348de16441509e9a0c5de4ca9124ecdd45fb8f9f78$2:
    public final void onNavigationItemReselected()
...
androidx.transition.FragmentTransitionSupport:
    public void removeTarget(java.lang.Object,android.view.View)
androidx.transition.GhostView
androidx.transition.GhostViewHolder
androidx.transition.GhostViewPlatform
androidx.transition.GhostViewPort$1
androidx.transition.GhostViewPort
androidx.transition.GhostViewUtils
androidx.transition.ImageViewUtils
androidx.transition.MatrixUtils$1
androidx.transition.MatrixUtils
androidx.transition.ObjectAnimatorUtils:
    private void <init>()
androidx.transition.PathMotion:
    public void <init>(android.content.Context,android.util.AttributeSet)
androidx.transition.PatternPathMotion
androidx.transition.PropertyValuesHolderUtils:
    private void <init>()
androidx.transition.R$anim
androidx.transition.R$attr
androidx.transition.R$bool
androidx.transition.R$color
androidx.transition.R$dimen
androidx.transition.R$drawable
androidx.transition.R$id:
    public static int accessibility_action_clickable_span
    public static int accessibility_custom_action_0
    public static int accessibility_custom_action_1
    public static int accessibility_custom_action_10
    public static int accessibility_custom_action_11
    public static int accessibility_custom_action_12
    public static int accessibility_custom_action_13
    public static int accessibility_custom_action_14
    public static int accessibility_custom_action_15
    public static int accessibility_custom_action_16
    public static int accessibility_custom_action_17
    public static int accessibility_custom_action_18
    public static int accessibility_custom_action_19
    public static int accessibility_custom_action_2
    public static int accessibility_custom_action_20
    public static int accessibility_custom_action_21
    public static int accessibility_custom_action_22
    public static int accessibility_custom_action_23
    public static int accessibility_custom_action_24
    public static int accessibility_custom_action_25
    public static int accessibility_custom_action_26
    public static int accessibility_custom_action_27
    public static int accessibility_custom_action_28
    public static int accessibility_custom_action_29
    public static int accessibility_custom_action_3
    public static int accessibility_custom_action_30
    public static int accessibility_custom_action_31
androidx.transition.R$integer
androidx.transition.R$layout
androidx.transition.R$string
androidx.transition.R$style
androidx.transition.R$styleable
androidx.transition.R
androidx.transition.RectEvaluator:
    void <init>(android.graphics.Rect)
androidx.transition.Scene:
    private android.content.Context mContext
    private java.lang.Runnable mEnterAction
    private java.lang.Runnable mExitAction
    private android.view.View mLayout
    private int mLayoutId
    private android.view.ViewGroup mSceneRoot
    public void <init>(android.view.ViewGroup)
    private void <init>(android.view.ViewGroup,int,android.content.Context)
    public void <init>(android.view.ViewGroup,android.view.View)
    public void enter()
    public static androidx.transition.Scene getSceneForLayout(android.view.ViewGroup,int,android.content.Context)
    public android.view.ViewGroup getSceneRoot()
    boolean isCreatedFromLayoutResource()
    public void setEnterAction(java.lang.Runnable)
    public void setExitAction(java.lang.Runnable)
androidx.transition.SidePropagation
androidx.transition.Slide$1
androidx.transition.Slide$2
androidx.transition.Slide$3
androidx.transition.Slide$4
androidx.transition.Slide$5
androidx.transition.Slide$6
androidx.transition.Slide$CalculateSlide
androidx.transition.Slide$CalculateSlideHorizontal
androidx.transition.Slide$CalculateSlideVertical
androidx.transition.Slide$GravityFlag
androidx.transition.Slide
androidx.transition.Styleable$ArcMotion
androidx.transition.Styleable$ChangeBounds
androidx.transition.Styleable$ChangeTransform
androidx.transition.Styleable$Fade
androidx.transition.Styleable$PatternPathMotion